<?xml version="1.0" encoding="UTF-8"?>
<!-- Generated by org.testng.reporters.JUnitReportReporter -->
<testsuite skipped="0" hostname="DESKTOP-9BT599M" name="extentreportspckg.ExtentReportscls" tests="1" failures="0" timestamp="26 Jun 2018 07:29:31 GMT" time="0.995" errors="0">
  <testcase name="extentreport" time="0.995" classname="extentreportspckg.ExtentReportscls"/>
</testsuite> <!-- extentreportspckg.ExtentReportscls -->
